12:37:53.429 INFO [GridLauncherV3.parse] - Selenium server version: 3.141.59, revision: e82be7d358
12:37:53.507 INFO [GridLauncherV3.lambda$buildLaunchers$3] - Launching a standalone Selenium Server on port 4444
2019-08-08 12:37:53.550:INFO::main: Logging initialized @350ms to org.seleniumhq.jetty9.util.log.StdErrLog
12:37:53.754 INFO [WebDriverServlet.<init>] - Initialising WebDriverServlet
12:37:53.890 INFO [SeleniumServer.boot] - Selenium Server is up and running on port 4444
12:37:54.411 INFO [ActiveSessionFactory.apply] - Capabilities are: {
  "acceptSslCerts": true,
  "browserName": "chrome",
  "chromeOptions": {
    "w3c": false,
    "args": [
    ]
  },
  "name": "Testcase1"
}
12:37:54.412 INFO [ActiveSessionFactory.lambda$apply$11] - Matched factory org.openqa.selenium.grid.session.remote.ServicedSession$Factory (provider: org.openqa.selenium.chrome.ChromeDriverService)
Starting ChromeDriver 76.0.3809.68 (420c9498db8ce8fcd190a954d51297672c1515d5-refs/branch-heads/3809@{#864}) on port 32198
Only local connections are allowed.
Please protect ports used by ChromeDriver and related test frameworks to prevent access by malicious code.
12:37:56.880 INFO [ProtocolHandshake.createSession] - Detected dialect: OSS
12:37:57.142 INFO [RemoteSession$Factory.lambda$performHandshake$0] - Started new session 946e02cb4591c5c527a00694b84712b9 (org.openqa.selenium.chrome.ChromeDriverService)
12:38:01.624 INFO [ActiveSessions$1.onStop] - Removing session 946e02cb4591c5c527a00694b84712b9 (org.openqa.selenium.chrome.ChromeDriverService)
